{"level":"info","message":"serverstarted!","timestamp":"2016-10-16T22:50:53.385Z"}
{"level":"info","message":"Landed on signin","timestamp":"2016-10-16T22:51:02.055Z"}
{"level":"info","message":"loaded onto homepage","timestamp":"2016-10-16T22:51:02.523Z"}
{"level":"info","message":"Hello server started right now!","timestamp":"2016-10-16T23:44:06.422Z"}
{"level":"info","message":"Landed on signin","timestamp":"2016-10-16T23:44:19.438Z"}
{"level":"info","message":"loaded onto homepage","timestamp":"2016-10-16T23:44:20.020Z"}
{"level":"info","message":"loaded onto homepage","timestamp":"2016-10-16T23:44:34.889Z"}
{"level":"info","message":"Hello server started right now!","timestamp":"2016-10-17T00:14:21.827Z"}
{"level":"info","message":"Landed on signin","timestamp":"2016-10-17T00:14:32.674Z"}
{"level":"info","message":"loaded onto homepage","timestamp":"2016-10-17T00:14:32.998Z"}
{"level":"info","message":"loaded onto homepage","timestamp":"2016-10-17T00:15:08.348Z"}
{"level":"info","message":"loaded onto homepage","timestamp":"2016-10-17T00:15:25.382Z"}
{"level":"info","message":"loaded onto homepage","timestamp":"2016-10-17T00:18:13.876Z"}
{"level":"info","message":"loaded onto homepage","timestamp":"2016-10-17T00:18:57.004Z"}
{"level":"info","message":"loaded onto homepage","timestamp":"2016-10-17T00:19:11.105Z"}
{"level":"info","message":"loaded onto homepage","timestamp":"2016-10-17T00:19:39.758Z"}
{"level":"info","message":"loaded onto homepage","timestamp":"2016-10-17T00:19:47.030Z"}
{"level":"info","message":"loaded onto homepage","timestamp":"2016-10-17T00:20:01.060Z"}
{"level":"info","message":"loaded onto homepage","timestamp":"2016-10-17T00:20:20.149Z"}
{"level":"info","message":"loaded onto homepage","timestamp":"2016-10-17T00:21:32.700Z"}
{"level":"info","message":"Hello server started right now!","timestamp":"2016-10-17T02:00:46.219Z"}
{"level":"info","message":"Landed on signin","timestamp":"2016-10-17T02:12:28.209Z"}
{"level":"info","message":"loaded onto homepage","timestamp":"2016-10-17T02:12:28.812Z"}
{"level":"info","message":"Landed on signin","timestamp":"2016-10-17T02:13:00.839Z"}
{"level":"info","message":"loaded onto homepage","timestamp":"2016-10-17T02:13:01.264Z"}
{"level":"info","message":"loaded onto homepage","timestamp":"2016-10-17T02:30:10.853Z"}
{"level":"info","message":"loaded onto homepage","timestamp":"2016-10-17T02:31:08.631Z"}
{"level":"info","message":"loaded onto homepage","timestamp":"2016-10-17T02:34:43.176Z"}
{"level":"info","message":"loaded onto homepage","timestamp":"2016-10-17T02:39:01.333Z"}
{"level":"info","message":"loaded onto homepage","timestamp":"2016-10-17T02:42:06.356Z"}
{"level":"info","message":"loaded onto homepage","timestamp":"2016-10-17T02:42:32.177Z"}
{"level":"info","message":"loaded onto homepage","timestamp":"2016-10-17T02:43:10.476Z"}
{"level":"info","message":"loaded onto homepage","timestamp":"2016-10-17T02:43:30.734Z"}
{"level":"info","message":"loaded onto homepage","timestamp":"2016-10-17T02:43:45.334Z"}
{"level":"info","message":"loaded onto homepage","timestamp":"2016-10-17T02:44:26.924Z"}
{"level":"info","message":"loaded onto homepage","timestamp":"2016-10-17T02:45:09.949Z"}
{"level":"info","message":"user is ordering the product","timestamp":"2016-10-17T02:46:01.985Z"}
{"level":"info","message":"user is ordering the product","timestamp":"2016-10-17T02:46:01.990Z"}
{"level":"info","message":"loaded onto homepage","timestamp":"2016-10-17T02:47:38.631Z"}
{"level":"info","message":"user is ordering the product","timestamp":"2016-10-17T02:47:52.536Z"}
{"level":"info","message":"user is ordering the product","timestamp":"2016-10-17T02:47:52.599Z"}
{"level":"info","message":"user is ordering the product","timestamp":"2016-10-17T02:48:40.773Z"}
{"level":"info","message":"loaded onto homepage","timestamp":"2016-10-17T02:49:26.696Z"}
{"level":"info","message":"loaded onto homepage","timestamp":"2016-10-17T02:50:48.740Z"}
{"level":"info","message":"Posting add","timestamp":"2016-10-17T03:05:12.403Z"}
{"level":"info","message":"Posting add","timestamp":"2016-10-17T03:06:12.448Z"}
{"level":"info","message":"Hello server started right now!","timestamp":"2016-10-17T03:07:40.257Z"}
{"level":"info","message":"Landed on signin","timestamp":"2016-10-17T03:07:47.496Z"}
{"level":"info","message":"loaded onto homepage","timestamp":"2016-10-17T03:07:47.717Z"}
{"level":"info","message":"user order history","timestamp":"2016-10-17T03:07:53.092Z"}
{"level":"info","message":"User Selling Products","timestamp":"2016-10-17T03:07:55.125Z"}
{"level":"info","message":"user is ordering the product","timestamp":"2016-10-17T03:19:45.836Z"}
{"level":"info","message":"user is ordering the product","timestamp":"2016-10-17T03:20:06.161Z"}
{"level":"info","message":"user is ordering the product","timestamp":"2016-10-17T03:20:31.465Z"}
{"level":"info","message":"user is ordering the product","timestamp":"2016-10-17T03:20:36.200Z"}
{"level":"info","message":"user is ordering the product","timestamp":"2016-10-17T03:22:00.796Z"}
{"level":"info","message":"user is ordering the product","timestamp":"2016-10-17T03:22:08.476Z"}
{"level":"info","message":"user is ordering the product","timestamp":"2016-10-17T03:22:09.709Z"}
{"level":"info","message":"user order history","timestamp":"2016-10-17T03:23:57.109Z"}
{"level":"info","message":"User Selling Products","timestamp":"2016-10-17T03:25:30.256Z"}
{"level":"info","message":"Hello server started right now!","timestamp":"2016-10-17T03:26:16.618Z"}
{"level":"info","message":"loaded onto homepage","timestamp":"2016-10-17T03:26:16.852Z"}
{"level":"info","message":"Hello server started right now!","timestamp":"2016-10-17T03:26:22.297Z"}
{"level":"info","message":"Landed on signin","timestamp":"2016-10-17T03:26:29.578Z"}
{"level":"info","message":"loaded onto homepage","timestamp":"2016-10-17T03:26:29.946Z"}
{"level":"info","message":"user order history","timestamp":"2016-10-17T03:26:32.970Z"}
{"level":"info","message":"User Selling Products","timestamp":"2016-10-17T03:26:35.783Z"}
{"level":"info","message":"loaded onto homepage","timestamp":"2016-10-17T03:29:01.079Z"}
{"level":"info","message":"loaded onto homepage","timestamp":"2016-10-17T03:37:59.810Z"}
{"level":"info","message":"loaded onto homepage","timestamp":"2016-10-17T03:38:26.441Z"}
{"level":"info","message":"loaded onto homepage","timestamp":"2016-10-17T03:38:27.872Z"}
{"level":"info","message":"loaded onto homepage","timestamp":"2016-10-17T03:47:44.658Z"}
{"level":"info","message":"loaded onto homepage","timestamp":"2016-10-17T03:47:46.232Z"}
{"level":"info","message":"loaded onto homepage","timestamp":"2016-10-17T03:50:42.134Z"}
{"level":"info","message":"user order history","timestamp":"2016-10-17T03:50:44.056Z"}
{"level":"info","message":"loaded onto homepage","timestamp":"2016-10-17T03:50:45.864Z"}
{"level":"info","message":"loaded onto homepage","timestamp":"2016-10-17T03:50:47.193Z"}
{"level":"info","message":"loaded onto homepage","timestamp":"2016-10-17T03:57:33.189Z"}
{"level":"info","message":"loaded onto homepage","timestamp":"2016-10-17T03:57:36.240Z"}
{"level":"info","message":"loaded onto homepage","timestamp":"2016-10-17T03:58:23.587Z"}
{"level":"info","message":"loaded onto homepage","timestamp":"2016-10-17T03:58:25.122Z"}
{"level":"info","message":"loaded onto homepage","timestamp":"2016-10-17T03:59:26.440Z"}
{"level":"info","message":"loaded onto homepage","timestamp":"2016-10-17T03:59:28.215Z"}
{"level":"info","message":"loaded onto homepage","timestamp":"2016-10-17T04:01:09.486Z"}
{"level":"info","message":"loaded onto homepage","timestamp":"2016-10-17T04:01:10.926Z"}
{"level":"info","message":"loaded onto homepage","timestamp":"2016-10-17T04:02:11.609Z"}
{"level":"info","message":"loaded onto homepage","timestamp":"2016-10-17T04:02:12.848Z"}
{"level":"info","message":"Landed on signin","timestamp":"2016-10-17T04:11:23.710Z"}
{"level":"info","message":"loaded onto homepage","timestamp":"2016-10-17T04:11:24.006Z"}
{"level":"info","message":"loaded onto homepage","timestamp":"2016-10-17T04:12:15.591Z"}
{"level":"info","message":"loaded onto homepage","timestamp":"2016-10-17T04:12:45.734Z"}
{"level":"info","message":"loaded onto homepage","timestamp":"2016-10-17T04:12:46.678Z"}
{"level":"info","message":"loaded onto homepage","timestamp":"2016-10-17T04:13:24.565Z"}
{"level":"info","message":"loaded onto homepage","timestamp":"2016-10-17T04:13:27.539Z"}
{"level":"info","message":"loaded onto homepage","timestamp":"2016-10-17T04:13:57.042Z"}
{"level":"info","message":"loaded onto homepage","timestamp":"2016-10-17T04:13:58.176Z"}
{"level":"info","message":"loaded onto homepage","timestamp":"2016-10-17T04:15:22.853Z"}
{"level":"info","message":"loaded onto homepage","timestamp":"2016-10-17T04:15:24.278Z"}
{"level":"info","message":"loaded onto homepage","timestamp":"2016-10-17T04:24:11.495Z"}
{"level":"info","message":"user order history","timestamp":"2016-10-17T04:24:19.101Z"}
{"level":"info","message":"Hello server started right now!","timestamp":"2016-10-17T04:42:58.180Z"}
{"level":"info","message":"Landed on signin","timestamp":"2016-10-17T04:43:09.176Z"}
{"level":"info","message":"loaded onto homepage","timestamp":"2016-10-17T04:43:09.456Z"}
{"level":"info","message":"user order history","timestamp":"2016-10-17T04:43:11.093Z"}
{"level":"info","message":"User Selling Products","timestamp":"2016-10-17T04:43:14.161Z"}
{"level":"info","message":"Landed on signin","timestamp":"2016-10-17T05:53:36.035Z"}
{"level":"info","message":"loaded onto homepage","timestamp":"2016-10-17T05:53:36.325Z"}
{"level":"info","message":"user order history","timestamp":"2016-10-17T05:53:41.377Z"}
{"level":"info","message":"loaded onto homepage","timestamp":"2016-10-17T05:53:58.582Z"}
